2026-04-24 18:16:23,520 [INFO] فحص طلبات المزامنة... (v2.2)
2026-04-24 18:16:24,031 [INFO] لا توجد طلبات pending
2026-04-24 18:20:45,186 [INFO] فحص طلبات المزامنة... (v2.2)
2026-04-24 18:20:45,943 [INFO] لا توجد طلبات pending
2026-04-30 23:45:50,491 [INFO] وضع الخادم الدائم | v2.8 | يعمل بشكل مستمر
2026-04-30 23:45:50,492 [INFO] ✅ تم تسجيل البدء التلقائي مع Windows (Registry)
2026-04-30 23:45:51,669 [INFO] السكريبت محدّث (v2.8)
2026-04-30 23:45:52,293 [INFO] بدء المزامنة | الفرع: d6a23737-509b-4a97-bb13-a12a5891e12a | آخر مزامنة: 2026-04-30 00:00:00.000000
2026-04-30 23:45:52,959 [ERROR] خطأ في قراءة SQLite: no such column: d.Tax
2026-04-30 23:45:52,972 [ERROR] خطأ غير متوقع:
Traceback (most recent call last):
  File "C:\Users\Mohammed\OneDrive\Desktop\Alshamal\marai-alshimal\aronium-sync\sync.py", line 124, in _fetch_sales
    cur.execute(f"""
    ~~~~~~~~~~~^^^^^
        SELECT
        ^^^^^^
    ...<17 lines>...
        ORDER BY d.DateCreated ASC
        ^^^^^^^^^^^^^^^^^^^^^^^^^^
    """, params)
    ^^^^^^^^^^^^
sqlite3.OperationalError: no such column: d.Tax

During handling of the above exception, another exception occurred:

Traceback (most recent call last):
  File "C:\Users\Mohammed\OneDrive\Desktop\Alshamal\marai-alshimal\aronium-sync\sync.py", line 710, in do_sync
    sales, _ = fetch_new_sales(db_path, last_sync)
               ~~~~~~~~~~~~~~~^^^^^^^^^^^^^^^^^^^^
  File "C:\Users\Mohammed\OneDrive\Desktop\Alshamal\marai-alshimal\aronium-sync\sync.py", line 99, in fetch_new_sales
    return _fetch_sales(db_path, filter_type="incremental", last_sync=last_sync)
  File "C:\Users\Mohammed\OneDrive\Desktop\Alshamal\marai-alshimal\aronium-sync\sync.py", line 312, in _fetch_sales
    tmp_path.unlink()
    ~~~~~~~~~~~~~~~^^
  File "C:\Users\Mohammed\AppData\Local\Python\pythoncore-3.14-64\Lib\pathlib\__init__.py", line 1042, in unlink
    os.unlink(self)
    ~~~~~~~~~^^^^^^
PermissionError: [WinError 32] The process cannot access the file because it is being used by another process: 'C:\\Users\\Mohammed\\OneDrive\\Desktop\\Alshamal\\marai-alshimal\\aronium-sync\\pos_tmp.db'

2026-04-30 23:47:04,512 [INFO] وضع الخادم الدائم | v2.8 | يعمل بشكل مستمر
2026-04-30 23:47:04,513 [INFO] ✅ تم تسجيل البدء التلقائي مع Windows (Registry)
2026-04-30 23:47:06,714 [INFO] السكريبت محدّث (v2.8)
2026-04-30 23:47:07,515 [INFO] بدء المزامنة | الفرع: d6a23737-509b-4a97-bb13-a12a5891e12a | آخر مزامنة: 2026-04-30 00:00:00.000000
2026-04-30 23:47:08,452 [ERROR] خطأ في قراءة SQLite: no such column: d.Tax
2026-04-30 23:47:08,454 [ERROR] خطأ غير متوقع:
Traceback (most recent call last):
  File "C:\Users\Mohammed\OneDrive\Desktop\Alshamal\marai-alshimal\aronium-sync\sync.py", line 124, in _fetch_sales
    cur.execute(f"""
    ~~~~~~~~~~~^^^^^
        SELECT
        ^^^^^^
    ...<17 lines>...
        ORDER BY d.DateCreated ASC
        ^^^^^^^^^^^^^^^^^^^^^^^^^^
    """, params)
    ^^^^^^^^^^^^
sqlite3.OperationalError: no such column: d.Tax

During handling of the above exception, another exception occurred:

Traceback (most recent call last):
  File "C:\Users\Mohammed\OneDrive\Desktop\Alshamal\marai-alshimal\aronium-sync\sync.py", line 710, in do_sync
    sales, _ = fetch_new_sales(db_path, last_sync)
               ~~~~~~~~~~~~~~~^^^^^^^^^^^^^^^^^^^^
  File "C:\Users\Mohammed\OneDrive\Desktop\Alshamal\marai-alshimal\aronium-sync\sync.py", line 99, in fetch_new_sales
    return _fetch_sales(db_path, filter_type="incremental", last_sync=last_sync)
  File "C:\Users\Mohammed\OneDrive\Desktop\Alshamal\marai-alshimal\aronium-sync\sync.py", line 312, in _fetch_sales
    tmp_path.unlink()
    ~~~~~~~~~~~~~~~^^
  File "C:\Users\Mohammed\AppData\Local\Python\pythoncore-3.14-64\Lib\pathlib\__init__.py", line 1042, in unlink
    os.unlink(self)
    ~~~~~~~~~^^^^^^
PermissionError: [WinError 32] The process cannot access the file because it is being used by another process: 'C:\\Users\\Mohammed\\OneDrive\\Desktop\\Alshamal\\marai-alshimal\\aronium-sync\\pos_tmp.db'

2026-04-30 23:50:51,308 [INFO] وضع الخادم الدائم | v2.9 | يعمل بشكل مستمر
2026-04-30 23:50:51,309 [INFO] ✅ تم تسجيل البدء التلقائي مع Windows (Registry)
2026-04-30 23:50:52,023 [INFO] السكريبت محدّث (v2.9)
2026-04-30 23:50:52,463 [INFO] بدء المزامنة | الفرع: d6a23737-509b-4a97-bb13-a12a5891e12a | آخر مزامنة: 2026-04-30 00:00:00.000000
2026-04-30 23:50:52,876 [INFO] تم العثور على 3 فاتورة
2026-04-30 23:50:54,170 [INFO]   دفعة 1: رُفعت 3 فاتورة
2026-04-30 23:50:54,171 [INFO] تحديث last_sync إلى: 2026-04-30 21:54:38.6139271
2026-04-30 23:50:54,171 [INFO] اكتملت المزامنة: 3 فاتورة، 3 صنف
2026-04-30 23:51:01,162 [INFO] بدء المزامنة | الفرع: d6a23737-509b-4a97-bb13-a12a5891e12a | آخر مزامنة: 2026-04-30 21:54:38.6139271
2026-04-30 23:51:01,679 [ERROR] خطأ في قراءة SQLite: no such column: d.Tax
2026-04-30 23:51:01,692 [ERROR] خطأ غير متوقع:
Traceback (most recent call last):
  File "C:\Users\Mohammed\OneDrive\Desktop\Alshamal\marai-alshimal\aronium-sync\sync.py", line 124, in _fetch_sales
    item_cols = _get_columns(cur, "DocumentItem")
    ^^^^^^^^^^^^^^^^^^^^^^^^^^^^^^^^^^^^^^^^^^^^^
    ...<19 lines>...
        log.info(f"مزامنة مخصصة: الفترة من {date_from} إلى {date_to}")
        ^^^^^^^^
sqlite3.OperationalError: no such column: d.Tax

During handling of the above exception, another exception occurred:

Traceback (most recent call last):
  File "C:\Users\Mohammed\OneDrive\Desktop\Alshamal\marai-alshimal\aronium-sync\sync.py", line 710, in do_sync
  File "C:\Users\Mohammed\OneDrive\Desktop\Alshamal\marai-alshimal\aronium-sync\sync.py", line 99, in fetch_new_sales
    return _fetch_sales(db_path, filter_type="incremental", last_sync=last_sync)
  File "C:\Users\Mohammed\OneDrive\Desktop\Alshamal\marai-alshimal\aronium-sync\sync.py", line 312, in _fetch_sales
    "invoice_number":           str(doc["invoice_number"] or doc["doc_id"]),
    ^^^^^^^^^^^^^
  File "C:\Users\Mohammed\AppData\Local\Python\pythoncore-3.14-64\Lib\pathlib\__init__.py", line 1042, in unlink
    os.unlink(self)
    ~~~~~~~~~^^^^^^
PermissionError: [WinError 32] The process cannot access the file because it is being used by another process: 'C:\\Users\\Mohammed\\OneDrive\\Desktop\\Alshamal\\marai-alshimal\\aronium-sync\\pos_tmp.db'

2026-04-30 23:55:03,226 [INFO] وضع الخادم الدائم | v2.10 | يعمل بشكل مستمر
2026-04-30 23:55:03,227 [INFO] ✅ تم تسجيل البدء التلقائي مع Windows (Registry)
2026-04-30 23:55:05,680 [INFO] السكريبت محدّث (v2.10)
2026-04-30 23:55:06,577 [INFO] بدء المزامنة | الفرع: d6a23737-509b-4a97-bb13-a12a5891e12a | آخر مزامنة: 2026-04-30 21:54:38.6139271
2026-04-30 23:55:07,543 [INFO] لا توجد فواتير لرفعها.
2026-04-30 23:55:51,278 [INFO] وضع الخادم الدائم | v2.10 | يعمل بشكل مستمر
2026-04-30 23:55:51,279 [INFO] ✅ تم تسجيل البدء التلقائي مع Windows (Registry)
2026-04-30 23:55:53,884 [INFO] السكريبت محدّث (v2.10)
2026-04-30 23:55:54,796 [INFO] بدء المزامنة | الفرع: d6a23737-509b-4a97-bb13-a12a5891e12a | آخر مزامنة: 2026-04-30 21:54:38.6139271
2026-04-30 23:55:55,736 [INFO] لا توجد فواتير لرفعها.
2026-04-30 23:56:05,677 [INFO] بدء المزامنة | الفرع: d6a23737-509b-4a97-bb13-a12a5891e12a | آخر مزامنة: 2026-04-30 21:54:38.6139271
2026-04-30 23:56:06,680 [INFO] لا توجد فواتير لرفعها.
2026-04-30 23:56:13,129 [INFO] 🔄 تحديث متاح: v2.8 → v2.10 | جاري التحديث...
2026-04-30 23:56:13,130 [INFO] نسخة احتياطية: sync.v2.8.bak.py
2026-04-30 23:56:13,131 [INFO] ✅ تم التحديث إلى v2.10 - جاري إعادة التشغيل...
2026-05-01 00:00:51,373 [INFO] وضع الخادم الدائم | v2.10 | يعمل بشكل مستمر
2026-05-01 00:00:51,374 [INFO] ✅ تم تسجيل البدء التلقائي مع Windows (Registry)
2026-05-01 00:00:52,796 [INFO] السكريبت محدّث (v2.10)
2026-05-01 00:00:53,329 [INFO] بدء المزامنة | الفرع: d6a23737-509b-4a97-bb13-a12a5891e12a | آخر مزامنة: 2026-04-30 21:54:38.6139271
2026-05-01 00:00:53,871 [INFO] لا توجد فواتير لرفعها.
2026-05-01 00:01:06,081 [INFO] بدء المزامنة | الفرع: d6a23737-509b-4a97-bb13-a12a5891e12a | آخر مزامنة: 2026-04-30 21:54:38.6139271
2026-05-01 00:01:06,803 [INFO] لا توجد فواتير لرفعها.
2026-05-01 00:01:16,917 [INFO] 🔄 تحديث متاح: v2.9 → v2.10 | جاري التحديث...
2026-05-01 00:01:16,919 [INFO] نسخة احتياطية: sync.v2.9.bak.py
2026-05-01 00:01:16,919 [INFO] ✅ تم التحديث إلى v2.10 - جاري إعادة التشغيل...
2026-05-01 00:05:51,332 [INFO] وضع الخادم الدائم | v2.10 | يعمل بشكل مستمر
2026-05-01 00:05:51,333 [INFO] ✅ تم تسجيل البدء التلقائي مع Windows (Registry)
2026-05-01 00:05:53,863 [INFO] السكريبت محدّث (v2.10)
2026-05-01 00:05:54,508 [INFO] بدء المزامنة | الفرع: d6a23737-509b-4a97-bb13-a12a5891e12a | آخر مزامنة: 2026-04-30 21:54:38.6139271
2026-05-01 00:05:55,166 [INFO] لا توجد فواتير لرفعها.
2026-05-01 00:06:02,566 [INFO] بدء المزامنة | الفرع: d6a23737-509b-4a97-bb13-a12a5891e12a | آخر مزامنة: 2026-04-30 21:54:38.6139271
2026-05-01 00:06:03,245 [INFO] لا توجد فواتير لرفعها.
2026-05-01 00:06:16,771 [INFO] السكريبت محدّث (v2.10)
2026-05-01 00:06:17,395 [INFO] بدء المزامنة | الفرع: d6a23737-509b-4a97-bb13-a12a5891e12a | آخر مزامنة: 2026-04-30 21:54:38.6139271
2026-05-01 00:06:17,990 [INFO] لا توجد فواتير لرفعها.
2026-05-01 00:10:51,934 [INFO] وضع الخادم الدائم | v2.10 | يعمل بشكل مستمر
2026-05-01 00:10:51,935 [INFO] ✅ تم تسجيل البدء التلقائي مع Windows (Registry)
2026-05-01 00:10:53,071 [INFO] السكريبت محدّث (v2.10)
2026-05-01 00:10:53,764 [INFO] بدء المزامنة | الفرع: d6a23737-509b-4a97-bb13-a12a5891e12a | آخر مزامنة: 2026-04-30 21:54:38.6139271
2026-05-01 00:10:54,474 [INFO] لا توجد فواتير لرفعها.
2026-05-01 00:11:04,811 [INFO] بدء المزامنة | الفرع: d6a23737-509b-4a97-bb13-a12a5891e12a | آخر مزامنة: 2026-04-30 21:54:38.6139271
2026-05-01 00:11:05,511 [INFO] لا توجد فواتير لرفعها.
2026-05-01 00:11:12,634 [INFO] السكريبت محدّث (v2.10)
2026-05-01 00:11:13,859 [INFO] بدء المزامنة | الفرع: d6a23737-509b-4a97-bb13-a12a5891e12a | آخر مزامنة: 2026-04-30 21:54:38.6139271
2026-05-01 00:11:14,588 [INFO] لا توجد فواتير لرفعها.
2026-05-01 00:11:27,644 [INFO] بدء المزامنة | الفرع: d6a23737-509b-4a97-bb13-a12a5891e12a | آخر مزامنة: 2026-04-30 21:54:38.6139271
2026-05-01 00:11:28,394 [INFO] لا توجد فواتير لرفعها.
2026-05-01 00:15:51,405 [INFO] وضع الخادم الدائم | v2.10 | يعمل بشكل مستمر
2026-05-01 00:15:51,406 [INFO] ✅ تم تسجيل البدء التلقائي مع Windows (Registry)
2026-05-01 00:15:53,476 [INFO] السكريبت محدّث (v2.10)
2026-05-01 00:15:54,275 [INFO] بدء المزامنة | الفرع: d6a23737-509b-4a97-bb13-a12a5891e12a | آخر مزامنة: 2026-04-30 21:54:38.6139271
2026-05-01 00:15:55,055 [INFO] لا توجد فواتير لرفعها.
2026-05-01 00:16:03,952 [INFO] بدء المزامنة | الفرع: d6a23737-509b-4a97-bb13-a12a5891e12a | آخر مزامنة: 2026-04-30 21:54:38.6139271
2026-05-01 00:16:04,851 [INFO] لا توجد فواتير لرفعها.
2026-05-01 00:16:16,050 [INFO] السكريبت محدّث (v2.10)
2026-05-01 00:16:16,968 [INFO] بدء المزامنة | الفرع: d6a23737-509b-4a97-bb13-a12a5891e12a | آخر مزامنة: 2026-04-30 00:00:00.000000
2026-05-01 00:16:17,758 [INFO] تم العثور على 3 فاتورة
2026-05-01 00:16:20,123 [INFO]   دفعة 1: رُفعت 3 فاتورة
2026-05-01 00:16:20,124 [INFO] تحديث last_sync إلى: 2026-04-30 21:54:38.6139271
2026-05-01 00:16:20,124 [INFO] اكتملت المزامنة: 3 فاتورة، 3 صنف
2026-05-01 00:16:23,936 [INFO] بدء المزامنة | الفرع: d6a23737-509b-4a97-bb13-a12a5891e12a | آخر مزامنة: 2026-04-30 21:54:38.6139271
2026-05-01 00:16:24,656 [INFO] لا توجد فواتير لرفعها.
2026-05-01 00:16:38,545 [INFO] السكريبت محدّث (v2.10)
2026-05-01 00:16:39,244 [INFO] بدء المزامنة | الفرع: d6a23737-509b-4a97-bb13-a12a5891e12a | آخر مزامنة: 2026-04-30 21:54:38.6139271
2026-05-01 00:16:40,010 [INFO] تم العثور على 1 فاتورة
2026-05-01 00:16:42,320 [INFO]   دفعة 1: رُفعت 1 فاتورة
2026-05-01 00:16:42,321 [INFO] تحديث last_sync إلى: 2026-05-01 00:16:27.4702115
2026-05-01 00:16:42,321 [INFO] اكتملت المزامنة: 1 فاتورة، 1 صنف
2026-05-01 00:20:51,487 [INFO] ═══ مراعي الشمال - مزامنة Aronium v2.8 ═══
2026-05-01 00:20:51,488 [INFO] الفرع: جهاز التجربة
2026-05-01 00:20:53,440 [INFO] 🔄 تحديث: v2.8 → v2.10
2026-05-01 00:20:53,443 [INFO] ✅ تم التحديث إلى v2.10 — إعادة التشغيل...
2026-05-01 00:20:53,564 [INFO] وضع الخادم الدائم | v2.10 | يعمل بشكل مستمر
2026-05-01 00:20:53,565 [INFO] ✅ تم تسجيل البدء التلقائي مع Windows (Registry)
2026-05-01 00:20:55,077 [INFO] السكريبت محدّث (v2.10)
2026-05-01 00:20:55,763 [INFO] بدء المزامنة | الفرع: d6a23737-509b-4a97-bb13-a12a5891e12a | آخر مزامنة: 2026-05-01 00:16:27.4702115
2026-05-01 00:20:56,410 [INFO] لا توجد فواتير لرفعها.
2026-05-01 00:21:01,990 [INFO] بدء المزامنة | الفرع: d6a23737-509b-4a97-bb13-a12a5891e12a | آخر مزامنة: 2026-05-01 00:16:27.4702115
2026-05-01 00:21:03,493 [INFO] لا توجد فواتير لرفعها.
2026-05-01 00:21:14,335 [INFO] السكريبت محدّث (v2.10)
2026-05-01 00:21:15,298 [INFO] بدء المزامنة | الفرع: d6a23737-509b-4a97-bb13-a12a5891e12a | آخر مزامنة: 2026-05-01 00:16:27.4702115
2026-05-01 00:21:16,171 [INFO] لا توجد فواتير لرفعها.
2026-05-01 00:21:26,954 [INFO] بدء المزامنة | الفرع: d6a23737-509b-4a97-bb13-a12a5891e12a | آخر مزامنة: 2026-05-01 00:16:27.4702115
2026-05-01 00:21:28,464 [INFO] لا توجد فواتير لرفعها.
2026-05-01 00:21:33,177 [INFO] السكريبت محدّث (v2.10)
2026-05-01 00:21:34,738 [INFO] بدء المزامنة | الفرع: d6a23737-509b-4a97-bb13-a12a5891e12a | آخر مزامنة: 2026-05-01 00:16:27.4702115
2026-05-01 00:21:35,726 [INFO] لا توجد فواتير لرفعها.
2026-05-01 00:21:50,548 [INFO] بدء المزامنة | الفرع: d6a23737-509b-4a97-bb13-a12a5891e12a | آخر مزامنة: 2026-05-01 00:16:27.4702115
2026-05-01 00:21:51,501 [INFO] لا توجد فواتير لرفعها.
2026-05-01 00:25:51,341 [INFO] وضع الخادم الدائم | v2.10 | يعمل بشكل مستمر
2026-05-01 00:25:51,342 [INFO] ✅ تم تسجيل البدء التلقائي مع Windows (Registry)
2026-05-01 00:25:53,256 [INFO] السكريبت محدّث (v2.10)
2026-05-01 00:25:54,058 [INFO] بدء المزامنة | الفرع: d6a23737-509b-4a97-bb13-a12a5891e12a | آخر مزامنة: 2026-05-01 00:16:27.4702115
2026-05-01 00:25:54,914 [INFO] لا توجد فواتير لرفعها.
2026-05-01 00:26:06,538 [INFO] بدء المزامنة | الفرع: d6a23737-509b-4a97-bb13-a12a5891e12a | آخر مزامنة: 2026-05-01 00:16:27.4702115
2026-05-01 00:26:07,415 [INFO] لا توجد فواتير لرفعها.
2026-05-01 00:26:15,056 [INFO] السكريبت محدّث (v2.10)
2026-05-01 00:26:15,905 [INFO] بدء المزامنة | الفرع: d6a23737-509b-4a97-bb13-a12a5891e12a | آخر مزامنة: 2026-05-01 00:16:27.4702115
2026-05-01 00:26:16,818 [INFO] لا توجد فواتير لرفعها.
2026-05-01 00:26:26,978 [INFO] بدء المزامنة | الفرع: d6a23737-509b-4a97-bb13-a12a5891e12a | آخر مزامنة: 2026-05-01 00:16:27.4702115
2026-05-01 00:26:28,016 [INFO] لا توجد فواتير لرفعها.
2026-05-01 00:26:38,823 [INFO] السكريبت محدّث (v2.10)
2026-05-01 00:26:39,711 [INFO] بدء المزامنة | الفرع: d6a23737-509b-4a97-bb13-a12a5891e12a | آخر مزامنة: 2026-05-01 00:16:27.4702115
2026-05-01 00:26:40,626 [INFO] لا توجد فواتير لرفعها.
2026-05-01 00:26:46,534 [INFO] بدء المزامنة | الفرع: d6a23737-509b-4a97-bb13-a12a5891e12a | آخر مزامنة: 2026-05-01 00:16:27.4702115
2026-05-01 00:26:47,429 [INFO] لا توجد فواتير لرفعها.
2026-05-01 00:27:03,012 [INFO] السكريبت محدّث (v2.10)
2026-05-01 00:27:04,027 [INFO] بدء المزامنة | الفرع: d6a23737-509b-4a97-bb13-a12a5891e12a | آخر مزامنة: 2026-05-01 00:16:27.4702115
2026-05-01 00:27:04,878 [INFO] لا توجد فواتير لرفعها.
2026-05-01 00:30:51,457 [INFO] وضع الخادم الدائم | v2.10 | يعمل بشكل مستمر
2026-05-01 00:30:51,457 [INFO] ✅ تم تسجيل البدء التلقائي مع Windows (Registry)
2026-05-01 00:30:52,991 [INFO] السكريبت محدّث (v2.10)
2026-05-01 00:30:53,538 [INFO] بدء المزامنة | الفرع: d6a23737-509b-4a97-bb13-a12a5891e12a | آخر مزامنة: 2026-05-01 00:16:27.4702115
2026-05-01 00:30:54,180 [INFO] لا توجد فواتير لرفعها.
2026-05-01 00:31:04,611 [INFO] بدء المزامنة | الفرع: d6a23737-509b-4a97-bb13-a12a5891e12a | آخر مزامنة: 2026-05-01 00:16:27.4702115
2026-05-01 00:31:05,333 [INFO] لا توجد فواتير لرفعها.
2026-05-01 00:31:16,693 [INFO] السكريبت محدّث (v2.10)
2026-05-01 00:31:17,237 [INFO] بدء المزامنة | الفرع: d6a23737-509b-4a97-bb13-a12a5891e12a | آخر مزامنة: 2026-05-01 00:16:27.4702115
2026-05-01 00:31:17,906 [INFO] لا توجد فواتير لرفعها.
2026-05-01 00:31:25,855 [INFO] بدء المزامنة | الفرع: d6a23737-509b-4a97-bb13-a12a5891e12a | آخر مزامنة: 2026-05-01 00:16:27.4702115
2026-05-01 00:31:26,519 [INFO] لا توجد فواتير لرفعها.
2026-05-01 00:31:38,239 [INFO] السكريبت محدّث (v2.10)
2026-05-01 00:31:38,947 [INFO] بدء المزامنة | الفرع: d6a23737-509b-4a97-bb13-a12a5891e12a | آخر مزامنة: 2026-05-01 00:16:27.4702115
2026-05-01 00:31:39,687 [INFO] لا توجد فواتير لرفعها.
2026-05-01 00:31:49,245 [INFO] بدء المزامنة | الفرع: d6a23737-509b-4a97-bb13-a12a5891e12a | آخر مزامنة: 2026-05-01 00:16:27.4702115
2026-05-01 00:31:49,881 [INFO] لا توجد فواتير لرفعها.
2026-05-01 00:31:56,630 [INFO] السكريبت محدّث (v2.10)
2026-05-01 00:31:57,379 [INFO] بدء المزامنة | الفرع: d6a23737-509b-4a97-bb13-a12a5891e12a | آخر مزامنة: 2026-05-01 00:16:27.4702115
2026-05-01 00:31:58,020 [INFO] لا توجد فواتير لرفعها.
2026-05-01 00:32:14,034 [INFO] بدء المزامنة | الفرع: d6a23737-509b-4a97-bb13-a12a5891e12a | آخر مزامنة: 2026-05-01 00:16:27.4702115
2026-05-01 00:32:14,647 [INFO] لا توجد فواتير لرفعها.
2026-05-01 00:35:51,429 [INFO] وضع الخادم الدائم | v2.10 | يعمل بشكل مستمر
2026-05-01 00:35:51,432 [INFO] ✅ تم تسجيل البدء التلقائي مع Windows (Registry)
2026-05-01 00:35:52,746 [INFO] السكريبت محدّث (v2.10)
2026-05-01 00:35:53,338 [INFO] بدء المزامنة | الفرع: d6a23737-509b-4a97-bb13-a12a5891e12a | آخر مزامنة: 2026-05-01 00:16:27.4702115
2026-05-01 00:35:53,845 [INFO] لا توجد فواتير لرفعها.
2026-05-01 00:36:01,122 [INFO] بدء المزامنة | الفرع: d6a23737-509b-4a97-bb13-a12a5891e12a | آخر مزامنة: 2026-05-01 00:16:27.4702115
2026-05-01 00:36:01,981 [INFO] لا توجد فواتير لرفعها.
2026-05-01 00:36:16,189 [INFO] السكريبت محدّث (v2.10)
2026-05-01 00:36:17,368 [INFO] بدء المزامنة | الفرع: d6a23737-509b-4a97-bb13-a12a5891e12a | آخر مزامنة: 2026-05-01 00:16:27.4702115
2026-05-01 00:36:18,332 [INFO] لا توجد فواتير لرفعها.
2026-05-01 00:36:25,439 [INFO] بدء المزامنة | الفرع: d6a23737-509b-4a97-bb13-a12a5891e12a | آخر مزامنة: 2026-05-01 00:16:27.4702115
2026-05-01 00:36:29,468 [INFO] لا توجد فواتير لرفعها.
2026-05-01 00:36:33,700 [INFO] السكريبت محدّث (v2.10)
2026-05-01 00:36:34,150 [INFO] بدء المزامنة | الفرع: d6a23737-509b-4a97-bb13-a12a5891e12a | آخر مزامنة: 2026-05-01 00:16:27.4702115
2026-05-01 00:36:34,776 [INFO] لا توجد فواتير لرفعها.
2026-05-01 00:36:47,904 [INFO] بدء المزامنة | الفرع: d6a23737-509b-4a97-bb13-a12a5891e12a | آخر مزامنة: 2026-05-01 00:16:27.4702115
2026-05-01 00:36:48,411 [INFO] لا توجد فواتير لرفعها.
2026-05-01 00:37:00,231 [INFO] السكريبت محدّث (v2.10)
2026-05-01 00:37:00,890 [INFO] بدء المزامنة | الفرع: d6a23737-509b-4a97-bb13-a12a5891e12a | آخر مزامنة: 2026-05-01 00:16:27.4702115
2026-05-01 00:37:01,751 [INFO] لا توجد فواتير لرفعها.
2026-05-01 00:37:04,604 [INFO] بدء المزامنة | الفرع: d6a23737-509b-4a97-bb13-a12a5891e12a | آخر مزامنة: 2026-05-01 00:16:27.4702115
2026-05-01 00:37:05,647 [INFO] لا توجد فواتير لرفعها.
2026-05-01 00:37:24,037 [INFO] السكريبت محدّث (v2.10)
2026-05-01 00:37:25,596 [INFO] بدء المزامنة | الفرع: d6a23737-509b-4a97-bb13-a12a5891e12a | آخر مزامنة: 2026-05-01 00:16:27.4702115
2026-05-01 00:37:27,695 [INFO] لا توجد فواتير لرفعها.
2026-05-01 00:40:51,372 [INFO] وضع الخادم الدائم | v2.10 | يعمل بشكل مستمر
2026-05-01 00:40:51,373 [INFO] ✅ تم تسجيل البدء التلقائي مع Windows (Registry)
2026-05-01 00:40:52,154 [INFO] السكريبت محدّث (v2.10)
2026-05-01 00:40:52,776 [INFO] بدء المزامنة | الفرع: d6a23737-509b-4a97-bb13-a12a5891e12a | آخر مزامنة: 2026-05-01 00:16:27.4702115
2026-05-01 00:40:53,440 [INFO] لا توجد فواتير لرفعها.
2026-05-01 00:41:05,353 [INFO] بدء المزامنة | الفرع: d6a23737-509b-4a97-bb13-a12a5891e12a | آخر مزامنة: 2026-05-01 00:16:27.4702115
2026-05-01 00:41:05,812 [INFO] السكريبت محدّث (v2.10)
2026-05-01 00:41:05,922 [INFO] لا توجد فواتير لرفعها.
2026-05-01 00:41:06,319 [INFO] بدء المزامنة | الفرع: d6a23737-509b-4a97-bb13-a12a5891e12a | آخر مزامنة: 2026-05-01 00:16:27.4702115
2026-05-01 00:41:06,853 [INFO] لا توجد فواتير لرفعها.
2026-05-01 00:41:36,070 [INFO] السكريبت محدّث (v2.10)
2026-05-01 00:41:36,077 [INFO] بدء المزامنة | الفرع: d6a23737-509b-4a97-bb13-a12a5891e12a | آخر مزامنة: 2026-05-01 00:16:27.4702115
2026-05-01 00:41:36,640 [INFO] بدء المزامنة | الفرع: d6a23737-509b-4a97-bb13-a12a5891e12a | آخر مزامنة: 2026-05-01 00:16:27.4702115
2026-05-01 00:41:36,719 [INFO] لا توجد فواتير لرفعها.
2026-05-01 00:41:37,209 [INFO] لا توجد فواتير لرفعها.
2026-05-01 00:41:44,356 [INFO] بدء المزامنة | الفرع: d6a23737-509b-4a97-bb13-a12a5891e12a | آخر مزامنة: 2026-05-01 00:16:27.4702115
2026-05-01 00:41:44,513 [INFO] السكريبت محدّث (v2.10)
2026-05-01 00:41:44,870 [INFO] لا توجد فواتير لرفعها.
2026-05-01 00:42:06,288 [INFO] بدء المزامنة | الفرع: d6a23737-509b-4a97-bb13-a12a5891e12a | آخر مزامنة: 2026-05-01 00:16:27.4702115
2026-05-01 00:42:06,928 [INFO] لا توجد فواتير لرفعها.
2026-05-01 00:42:08,844 [INFO] السكريبت محدّث (v2.10)
2026-05-01 00:42:15,686 [INFO] بدء المزامنة | الفرع: d6a23737-509b-4a97-bb13-a12a5891e12a | آخر مزامنة: 2026-05-01 00:16:27.4702115
2026-05-01 00:42:16,433 [INFO] لا توجد فواتير لرفعها.
2026-05-01 00:42:37,118 [INFO] بدء المزامنة | الفرع: d6a23737-509b-4a97-bb13-a12a5891e12a | آخر مزامنة: 2026-05-01 00:16:27.4702115
2026-05-01 00:42:37,806 [INFO] لا توجد فواتير لرفعها.
2026-05-01 00:42:40,106 [INFO] بدء المزامنة | الفرع: d6a23737-509b-4a97-bb13-a12a5891e12a | آخر مزامنة: 2026-05-01 00:16:27.4702115
2026-05-01 00:42:40,795 [INFO] لا توجد فواتير لرفعها.
2026-05-01 00:45:52,129 [INFO] وضع الخادم الدائم | v2.10 | يعمل بشكل مستمر
2026-05-01 00:45:52,130 [INFO] ✅ تم تسجيل البدء التلقائي مع Windows (Registry)
2026-05-01 00:46:07,516 [INFO] لا يوجد سجل تحديث في sync_agent (v2.10)
2026-05-01 00:46:18,736 [INFO] بدء المزامنة | الفرع: d6a23737-509b-4a97-bb13-a12a5891e12a | آخر مزامنة: 2026-05-01 00:16:27.4702115
2026-05-01 00:46:22,714 [INFO] بدء المزامنة | الفرع: d6a23737-509b-4a97-bb13-a12a5891e12a | آخر مزامنة: 2026-05-01 00:16:27.4702115
2026-05-01 00:46:34,222 [WARNING] لا يوجد اتصال بالإنترنت: [SSL: UNEXPECTED_EOF_WHILE_READING] EOF occurred in violation of protocol (_ssl.c:1081)
2026-05-01 00:46:34,225 [INFO] لا توجد فواتير لرفعها.
2026-05-01 00:46:40,268 [WARNING] لا يوجد اتصال بالإنترنت: [SSL: UNEXPECTED_EOF_WHILE_READING] EOF occurred in violation of protocol (_ssl.c:1081)
2026-05-01 00:46:40,272 [INFO] لا توجد فواتير لرفعها.
2026-05-01 00:47:00,719 [INFO] لا يوجد سجل تحديث في sync_agent (v2.10)
2026-05-01 00:47:00,719 [INFO] بدء المزامنة | الفرع: d6a23737-509b-4a97-bb13-a12a5891e12a | آخر مزامنة: 2026-05-01 00:16:27.4702115
2026-05-01 00:47:14,169 [INFO] لا يوجد سجل تحديث في sync_agent (v2.10)
2026-05-01 00:47:30,736 [INFO] بدء المزامنة | الفرع: d6a23737-509b-4a97-bb13-a12a5891e12a | آخر مزامنة: 2026-05-01 00:16:27.4702115
2026-05-01 00:47:42,804 [WARNING] لا يوجد اتصال بالإنترنت: [WinError 10060] A connection attempt failed because the connected party did not properly respond after a period of time, or established connection failed because connected host has failed to respond
2026-05-01 00:47:42,807 [INFO] لا توجد فواتير لرفعها.
2026-05-01 00:47:55,330 [INFO] بدء المزامنة | الفرع: d6a23737-509b-4a97-bb13-a12a5891e12a | آخر مزامنة: 2026-05-01 00:16:27.4702115
2026-05-01 00:48:00,717 [INFO] لا يوجد سجل تحديث في sync_agent (v2.10)
2026-05-01 00:48:00,733 [INFO] بدء المزامنة | الفرع: d6a23737-509b-4a97-bb13-a12a5891e12a | آخر مزامنة: 2026-05-01 00:16:27.4702115
2026-05-01 00:48:00,749 [INFO] لا يوجد سجل تحديث في sync_agent (v2.10)
2026-05-01 00:48:00,764 [INFO] لا يوجد سجل تحديث في sync_agent (v2.10)
2026-05-01 00:48:06,468 [WARNING] لا يوجد اتصال بالإنترنت: [Errno 11001] getaddrinfo failed
2026-05-01 00:48:06,471 [INFO] لا توجد فواتير لرفعها.
2026-05-01 00:48:11,861 [WARNING] لا يوجد اتصال بالإنترنت: [Errno 11001] getaddrinfo failed
2026-05-01 00:48:11,861 [INFO] بدء المزامنة | الفرع: d6a23737-509b-4a97-bb13-a12a5891e12a | آخر مزامنة: 2026-05-01 00:16:27.4702115
2026-05-01 00:48:11,861 [INFO] بدء المزامنة | الفرع: d6a23737-509b-4a97-bb13-a12a5891e12a | آخر مزامنة: 2026-05-01 00:16:27.4702115
2026-05-01 00:48:11,863 [INFO] لا توجد فواتير لرفعها.
2026-05-01 00:48:12,828 [WARNING] لا يوجد اتصال بالإنترنت: [WinError 10060] A connection attempt failed because the connected party did not properly respond after a period of time, or established connection failed because connected host has failed to respond
2026-05-01 00:48:12,831 [INFO] لا توجد فواتير لرفعها.
2026-05-01 00:48:21,401 [WARNING] لا يوجد اتصال بالإنترنت: [Errno 11001] getaddrinfo failed
2026-05-01 00:48:21,401 [INFO] بدء المزامنة | الفرع: d6a23737-509b-4a97-bb13-a12a5891e12a | آخر مزامنة: 2026-05-01 00:16:27.4702115
2026-05-01 00:48:21,405 [INFO] لا توجد فواتير لرفعها.
2026-05-01 00:48:21,405 [INFO] لا توجد فواتير لرفعها.
2026-05-01 00:48:30,717 [INFO] بدء المزامنة | الفرع: d6a23737-509b-4a97-bb13-a12a5891e12a | آخر مزامنة: 2026-05-01 00:16:27.4702115
2026-05-01 00:48:30,719 [WARNING] لا يوجد اتصال بالإنترنت: [Errno 11001] getaddrinfo failed
2026-05-01 00:48:30,722 [INFO] لا توجد فواتير لرفعها.
2026-05-01 00:48:32,533 [WARNING] لا يوجد اتصال بالإنترنت: [Errno 11001] getaddrinfo failed
2026-05-01 00:48:32,537 [INFO] لا توجد فواتير لرفعها.
2026-05-01 00:48:41,865 [INFO] بدء المزامنة | الفرع: d6a23737-509b-4a97-bb13-a12a5891e12a | آخر مزامنة: 2026-05-01 00:16:27.4702115
2026-05-01 00:48:41,869 [WARNING] لا يوجد اتصال بالإنترنت: [Errno 11001] getaddrinfo failed
2026-05-01 00:48:41,874 [INFO] لا توجد فواتير لرفعها.
2026-05-01 00:50:51,386 [INFO] وضع الخادم الدائم | v2.10 | يعمل بشكل مستمر
2026-05-01 00:50:51,387 [INFO] ✅ تم تسجيل البدء التلقائي مع Windows (Registry)
2026-05-01 00:51:08,890 [INFO] لا يوجد سجل تحديث في sync_agent (v2.10)
2026-05-01 00:51:23,435 [INFO] لا يوجد سجل تحديث في sync_agent (v2.10)
2026-05-01 00:51:24,143 [INFO] بدء المزامنة | الفرع: d6a23737-509b-4a97-bb13-a12a5891e12a | آخر مزامنة: 2026-05-01 00:16:27.4702115
2026-05-01 00:51:36,934 [INFO] لا يوجد سجل تحديث في sync_agent (v2.10)
2026-05-01 00:51:46,588 [WARNING] لا يوجد اتصال بالإنترنت: [WinError 10054] An existing connection was forcibly closed by the remote host
2026-05-01 00:51:46,592 [INFO] لا توجد فواتير لرفعها.
2026-05-01 00:51:57,251 [INFO] لا يوجد سجل تحديث في sync_agent (v2.10)
2026-05-01 00:52:20,245 [INFO] بدء المزامنة | الفرع: d6a23737-509b-4a97-bb13-a12a5891e12a | آخر مزامنة: 2026-05-01 00:16:27.4702115
2026-05-01 00:52:20,939 [INFO] لا يوجد سجل تحديث في sync_agent (v2.10)
2026-05-01 00:52:36,409 [WARNING] لا يوجد اتصال بالإنترنت: [SSL: UNEXPECTED_EOF_WHILE_READING] EOF occurred in violation of protocol (_ssl.c:1081)
2026-05-01 00:52:36,412 [INFO] لا توجد فواتير لرفعها.
2026-05-01 00:52:38,710 [INFO] بدء المزامنة | الفرع: d6a23737-509b-4a97-bb13-a12a5891e12a | آخر مزامنة: 2026-05-01 00:16:27.4702115
2026-05-01 00:52:43,465 [INFO] لا يوجد سجل تحديث في sync_agent (v2.10)
2026-05-01 00:53:12,337 [WARNING] لا يوجد اتصال بالإنترنت: _ssl.c:1063: The handshake operation timed out
2026-05-01 00:53:12,340 [INFO] لا توجد فواتير لرفعها.
2026-05-01 00:53:31,407 [INFO] بدء المزامنة | الفرع: d6a23737-509b-4a97-bb13-a12a5891e12a | آخر مزامنة: 2026-05-01 00:16:27.4702115
2026-05-01 00:54:23,405 [INFO] بدء المزامنة | الفرع: d6a23737-509b-4a97-bb13-a12a5891e12a | آخر مزامنة: 2026-05-01 00:16:27.4702115
2026-05-01 00:54:24,626 [WARNING] لا يوجد اتصال بالإنترنت: [WinError 10060] A connection attempt failed because the connected party did not properly respond after a period of time, or established connection failed because connected host has failed to respond
2026-05-01 00:54:24,629 [INFO] لا توجد فواتير لرفعها.
2026-05-01 00:54:54,730 [INFO] بدء المزامنة | الفرع: d6a23737-509b-4a97-bb13-a12a5891e12a | آخر مزامنة: 2026-05-01 00:16:27.4702115
2026-05-01 00:54:54,730 [INFO] بدء المزامنة | الفرع: d6a23737-509b-4a97-bb13-a12a5891e12a | آخر مزامنة: 2026-05-01 00:16:27.4702115
2026-05-01 00:54:54,730 [INFO] بدء المزامنة | الفرع: d6a23737-509b-4a97-bb13-a12a5891e12a | آخر مزامنة: 2026-05-01 00:16:27.4702115
2026-05-01 00:54:54,760 [INFO] بدء المزامنة | الفرع: d6a23737-509b-4a97-bb13-a12a5891e12a | آخر مزامنة: 2026-05-01 00:16:27.4702115
2026-05-01 00:54:54,775 [INFO] بدء المزامنة | الفرع: d6a23737-509b-4a97-bb13-a12a5891e12a | آخر مزامنة: 2026-05-01 00:16:27.4702115
2026-05-01 00:54:54,791 [INFO] بدء المزامنة | الفرع: d6a23737-509b-4a97-bb13-a12a5891e12a | آخر مزامنة: 2026-05-01 00:16:27.4702115
2026-05-01 00:55:09,735 [WARNING] لا يوجد اتصال بالإنترنت: _ssl.c:1063: The handshake operation timed out
2026-05-01 00:55:09,743 [INFO] لا توجد فواتير لرفعها.
2026-05-01 00:55:17,523 [INFO] لا توجد فواتير لرفعها.
2026-05-01 00:55:17,523 [INFO] لا توجد فواتير لرفعها.
2026-05-01 00:55:17,524 [INFO] لا توجد فواتير لرفعها.
2026-05-01 00:55:17,558 [ERROR] خطأ في قراءة SQLite: unable to open database file
2026-05-01 00:55:17,559 [ERROR] خطأ في قراءة SQLite: unable to open database file
2026-05-01 00:55:17,562 [ERROR] خطأ غير متوقع:\nTraceback (most recent call last):
  File "C:\Users\Mohammed\OneDrive\Desktop\Alshamal\marai-alshimal\aronium-sync\sync.py", line 770, in do_sync
    sales, _ = fetch_new_sales(db_path, last_sync)
               ~~~~~~~~~~~~~~~^^^^^^^^^^^^^^^^^^^^
  File "C:\Users\Mohammed\OneDrive\Desktop\Alshamal\marai-alshimal\aronium-sync\sync.py", line 125, in fetch_new_sales
    return _fetch_sales(db_path, filter_type="incremental", last_sync=last_sync)
  File "C:\Users\Mohammed\OneDrive\Desktop\Alshamal\marai-alshimal\aronium-sync\sync.py", line 144, in _fetch_sales
    conn = sqlite3.connect(str(tmp_path))
sqlite3.OperationalError: unable to open database file

2026-05-01 00:55:17,579 [ERROR] خطأ في قراءة SQLite: unable to open database file
2026-05-01 00:55:17,587 [ERROR] خطأ غير متوقع:\nTraceback (most recent call last):
  File "C:\Users\Mohammed\OneDrive\Desktop\Alshamal\marai-alshimal\aronium-sync\sync.py", line 770, in do_sync
    sales, _ = fetch_new_sales(db_path, last_sync)
               ~~~~~~~~~~~~~~~^^^^^^^^^^^^^^^^^^^^
  File "C:\Users\Mohammed\OneDrive\Desktop\Alshamal\marai-alshimal\aronium-sync\sync.py", line 125, in fetch_new_sales
    return _fetch_sales(db_path, filter_type="incremental", last_sync=last_sync)
  File "C:\Users\Mohammed\OneDrive\Desktop\Alshamal\marai-alshimal\aronium-sync\sync.py", line 144, in _fetch_sales
    conn = sqlite3.connect(str(tmp_path))
sqlite3.OperationalError: unable to open database file

2026-05-01 00:55:17,700 [ERROR] خطأ غير متوقع:
Traceback (most recent call last):
  File "C:\Users\Mohammed\OneDrive\Desktop\Alshamal\marai-alshimal\aronium-sync\sync.py", line 770, in do_sync
    sales, _ = fetch_new_sales(db_path, last_sync)
               ~~~~~~~~~~~~~~~^^^^^^^^^^^^^^^^^^^^
  File "C:\Users\Mohammed\OneDrive\Desktop\Alshamal\marai-alshimal\aronium-sync\sync.py", line 125, in fetch_new_sales
    return _fetch_sales(db_path, filter_type="incremental", last_sync=last_sync)
  File "C:\Users\Mohammed\OneDrive\Desktop\Alshamal\marai-alshimal\aronium-sync\sync.py", line 144, in _fetch_sales
    conn = sqlite3.connect(str(tmp_path))
sqlite3.OperationalError: unable to open database file

2026-05-01 00:55:51,402 [INFO] وضع الخادم الدائم | v2.10 | يعمل بشكل مستمر
2026-05-01 00:55:51,403 [INFO] ✅ تم تسجيل البدء التلقائي مع Windows (Registry)
2026-05-01 00:56:07,643 [INFO] السكريبت محدّث (v2.10)
2026-05-01 00:56:08,340 [INFO] بدء المزامنة | الفرع: d6a23737-509b-4a97-bb13-a12a5891e12a | آخر مزامنة: 2026-05-01 00:16:27.4702115
2026-05-01 00:56:24,023 [WARNING] لا يوجد اتصال بالإنترنت: [SSL: UNEXPECTED_EOF_WHILE_READING] EOF occurred in violation of protocol (_ssl.c:1081)
2026-05-01 00:56:24,027 [INFO] لا توجد فواتير لرفعها.
2026-05-01 00:56:49,455 [INFO] لا يوجد سجل تحديث في sync_agent (v2.10)
2026-05-01 00:57:58,585 [INFO] لا يوجد سجل تحديث في sync_agent (v2.10)
2026-05-01 00:57:58,585 [INFO] بدء المزامنة | الفرع: d6a23737-509b-4a97-bb13-a12a5891e12a | آخر مزامنة: 2026-05-01 00:16:27.4702115
2026-05-01 00:58:27,515 [INFO] بدء المزامنة | الفرع: d6a23737-509b-4a97-bb13-a12a5891e12a | آخر مزامنة: 2026-05-01 00:16:27.4702115
2026-05-01 00:58:51,799 [WARNING] لا يوجد اتصال بالإنترنت: [WinError 10060] A connection attempt failed because the connected party did not properly respond after a period of time, or established connection failed because connected host has failed to respond
2026-05-01 00:58:51,802 [INFO] لا توجد فواتير لرفعها.
2026-05-01 00:59:12,980 [INFO] لا يوجد سجل تحديث في sync_agent (v2.10)
2026-05-01 00:59:12,981 [INFO] بدء المزامنة | الفرع: d6a23737-509b-4a97-bb13-a12a5891e12a | آخر مزامنة: 2026-05-01 00:16:27.4702115
2026-05-01 00:59:13,138 [INFO] لا يوجد سجل تحديث في sync_agent (v2.10)
2026-05-01 00:59:27,982 [WARNING] لا يوجد اتصال بالإنترنت: _ssl.c:1063: The handshake operation timed out
2026-05-01 00:59:27,985 [INFO] لا توجد فواتير لرفعها.
2026-05-01 00:59:32,144 [WARNING] لا يوجد اتصال بالإنترنت: [SSL: UNEXPECTED_EOF_WHILE_READING] EOF occurred in violation of protocol (_ssl.c:1081)
2026-05-01 00:59:32,147 [INFO] لا توجد فواتير لرفعها.
2026-05-01 00:59:58,864 [INFO] بدء المزامنة | الفرع: d6a23737-509b-4a97-bb13-a12a5891e12a | آخر مزامنة: 2026-05-01 00:16:27.4702115
2026-05-01 01:00:14,631 [WARNING] لا يوجد اتصال بالإنترنت: [SSL: UNEXPECTED_EOF_WHILE_READING] EOF occurred in violation of protocol (_ssl.c:1081)
2026-05-01 01:00:14,634 [INFO] لا توجد فواتير لرفعها.
2026-05-01 01:00:29,417 [INFO] بدء المزامنة | الفرع: d6a23737-509b-4a97-bb13-a12a5891e12a | آخر مزامنة: 2026-05-01 00:16:27.4702115
2026-05-01 01:00:29,435 [INFO] بدء المزامنة | الفرع: d6a23737-509b-4a97-bb13-a12a5891e12a | آخر مزامنة: 2026-05-01 00:16:27.4702115
2026-05-01 01:00:29,459 [INFO] بدء المزامنة | الفرع: d6a23737-509b-4a97-bb13-a12a5891e12a | آخر مزامنة: 2026-05-01 00:16:27.4702115
2026-05-01 01:00:30,164 [INFO] لا توجد فواتير لرفعها.
2026-05-01 01:00:30,636 [INFO] لا توجد فواتير لرفعها.
2026-05-01 01:00:30,641 [INFO] لا توجد فواتير لرفعها.
2026-05-01 01:00:49,268 [INFO] بدء المزامنة | الفرع: d6a23737-509b-4a97-bb13-a12a5891e12a | آخر مزامنة: 2026-05-01 00:16:27.4702115
2026-05-01 01:00:49,896 [INFO] بدء المزامنة | الفرع: d6a23737-509b-4a97-bb13-a12a5891e12a | آخر مزامنة: 2026-05-01 00:16:27.4702115
2026-05-01 01:00:50,013 [INFO] لا توجد فواتير لرفعها.
2026-05-01 01:00:50,713 [INFO] بدء المزامنة | الفرع: d6a23737-509b-4a97-bb13-a12a5891e12a | آخر مزامنة: 2026-05-01 00:16:27.4702115
2026-05-01 01:00:51,176 [INFO] لا توجد فواتير لرفعها.
2026-05-01 01:00:51,324 [INFO] بدء المزامنة | الفرع: d6a23737-509b-4a97-bb13-a12a5891e12a | آخر مزامنة: 2026-05-01 00:16:27.4702115
2026-05-01 01:00:51,401 [INFO] لا توجد فواتير لرفعها.
2026-05-01 01:00:51,425 [INFO] وضع الخادم الدائم | v2.10 | يعمل بشكل مستمر
2026-05-01 01:00:51,426 [INFO] ✅ تم تسجيل البدء التلقائي مع Windows (Registry)
2026-05-01 01:00:51,587 [INFO] بدء المزامنة | الفرع: d6a23737-509b-4a97-bb13-a12a5891e12a | آخر مزامنة: 2026-05-01 00:16:27.4702115
2026-05-01 01:00:52,518 [INFO] لا توجد فواتير لرفعها.
2026-05-01 01:00:52,770 [INFO] لا توجد فواتير لرفعها.
2026-05-01 01:00:52,863 [INFO] السكريبت محدّث (v2.10)
2026-05-01 01:00:53,545 [INFO] بدء المزامنة | الفرع: d6a23737-509b-4a97-bb13-a12a5891e12a | آخر مزامنة: 2026-05-01 00:16:27.4702115
2026-05-01 01:00:54,719 [INFO] لا توجد فواتير لرفعها.
2026-05-01 01:01:21,923 [INFO] السكريبت محدّث (v2.10)
2026-05-01 01:01:47,090 [INFO] السكريبت محدّث (v2.10)
2026-05-01 01:01:47,727 [INFO] بدء المزامنة | الفرع: d6a23737-509b-4a97-bb13-a12a5891e12a | آخر مزامنة: 2026-05-01 00:16:27.4702115
2026-05-01 01:01:48,946 [INFO] لا توجد فواتير لرفعها.
2026-05-01 01:01:52,610 [INFO] السكريبت محدّث (v2.10)
2026-05-01 01:02:03,969 [INFO] السكريبت محدّث (v2.10)
2026-05-01 01:02:35,596 [INFO] السكريبت محدّث (v2.10)
2026-05-01 01:03:05,755 [INFO] السكريبت محدّث (v2.10)
2026-05-01 01:03:55,962 [INFO] بدء المزامنة | الفرع: d6a23737-509b-4a97-bb13-a12a5891e12a | آخر مزامنة: 2026-05-01 00:16:27.4702115
2026-05-01 01:03:56,660 [INFO] لا توجد فواتير لرفعها.
2026-05-01 01:04:51,158 [INFO] بدء المزامنة | الفرع: d6a23737-509b-4a97-bb13-a12a5891e12a | آخر مزامنة: 2026-05-01 00:16:27.4702115
2026-05-01 01:04:52,068 [INFO] لا توجد فواتير لرفعها.
2026-05-01 01:04:57,301 [INFO] بدء المزامنة | الفرع: d6a23737-509b-4a97-bb13-a12a5891e12a | آخر مزامنة: 2026-05-01 00:16:27.4702115
2026-05-01 01:04:57,993 [INFO] لا توجد فواتير لرفعها.
2026-05-01 01:05:23,212 [INFO] بدء المزامنة | الفرع: d6a23737-509b-4a97-bb13-a12a5891e12a | آخر مزامنة: 2026-05-01 00:16:27.4702115
2026-05-01 01:05:24,069 [INFO] لا توجد فواتير لرفعها.
2026-05-01 01:05:39,568 [INFO] بدء المزامنة | الفرع: d6a23737-509b-4a97-bb13-a12a5891e12a | آخر مزامنة: 2026-05-01 00:16:27.4702115
2026-05-01 01:05:40,106 [INFO] بدء المزامنة | الفرع: d6a23737-509b-4a97-bb13-a12a5891e12a | آخر مزامنة: 2026-05-01 00:16:27.4702115
2026-05-01 01:05:40,132 [INFO] لا توجد فواتير لرفعها.
2026-05-01 01:05:40,392 [INFO] بدء المزامنة | الفرع: d6a23737-509b-4a97-bb13-a12a5891e12a | آخر مزامنة: 2026-05-01 00:16:27.4702115
2026-05-01 01:05:40,758 [INFO] لا توجد فواتير لرفعها.
2026-05-01 01:05:41,069 [INFO] لا توجد فواتير لرفعها.
2026-05-01 01:05:51,424 [INFO] وضع الخادم الدائم | v2.10 | يعمل بشكل مستمر
2026-05-01 01:05:51,425 [INFO] ✅ تم تسجيل البدء التلقائي مع Windows (Registry)
2026-05-01 01:05:52,528 [INFO] السكريبت محدّث (v2.10)
2026-05-01 01:05:53,234 [INFO] بدء المزامنة | الفرع: d6a23737-509b-4a97-bb13-a12a5891e12a | آخر مزامنة: 2026-05-01 00:16:27.4702115
2026-05-01 01:05:54,009 [INFO] لا توجد فواتير لرفعها.
2026-05-01 01:05:57,460 [INFO] بدء المزامنة | الفرع: d6a23737-509b-4a97-bb13-a12a5891e12a | آخر مزامنة: 2026-05-01 00:16:27.4702115
2026-05-01 01:05:58,167 [INFO] لا توجد فواتير لرفعها.
2026-05-01 01:05:59,171 [INFO] بدء المزامنة | الفرع: d6a23737-509b-4a97-bb13-a12a5891e12a | آخر مزامنة: 2026-05-01 00:16:27.4702115
2026-05-01 01:05:59,917 [INFO] لا توجد فواتير لرفعها.
2026-05-01 01:06:00,087 [INFO] بدء المزامنة | الفرع: d6a23737-509b-4a97-bb13-a12a5891e12a | آخر مزامنة: 2026-05-01 00:16:27.4702115
2026-05-01 01:06:00,106 [INFO] بدء المزامنة | الفرع: d6a23737-509b-4a97-bb13-a12a5891e12a | آخر مزامنة: 2026-05-01 00:16:27.4702115
2026-05-01 01:06:00,788 [INFO] لا توجد فواتير لرفعها.
2026-05-01 01:06:00,793 [INFO] لا توجد فواتير لرفعها.
2026-05-01 01:06:01,177 [INFO] بدء المزامنة | الفرع: d6a23737-509b-4a97-bb13-a12a5891e12a | آخر مزامنة: 2026-05-01 00:16:27.4702115
2026-05-01 01:06:01,790 [INFO] لا توجد فواتير لرفعها.
2026-05-01 01:06:02,611 [INFO] بدء المزامنة | الفرع: d6a23737-509b-4a97-bb13-a12a5891e12a | آخر مزامنة: 2026-05-01 00:16:27.4702115
2026-05-01 01:06:03,358 [INFO] لا توجد فواتير لرفعها.
2026-05-01 01:06:28,598 [INFO] السكريبت محدّث (v2.10)
2026-05-01 01:06:56,393 [INFO] السكريبت محدّث (v2.10)
2026-05-01 01:07:00,020 [INFO] بدء المزامنة | الفرع: d6a23737-509b-4a97-bb13-a12a5891e12a | آخر مزامنة: 2026-05-01 00:16:27.4702115
2026-05-01 01:07:00,633 [INFO] لا توجد فواتير لرفعها.
2026-05-01 01:08:04,559 [INFO] السكريبت محدّث (v2.10)
2026-05-01 01:08:06,038 [INFO] السكريبت محدّث (v2.10)
2026-05-01 01:09:04,063 [INFO] بدء المزامنة | الفرع: d6a23737-509b-4a97-bb13-a12a5891e12a | آخر مزامنة: 2026-05-01 00:16:27.4702115
2026-05-01 01:09:04,912 [INFO] لا توجد فواتير لرفعها.
2026-05-01 01:09:35,296 [INFO] السكريبت محدّث (v2.10)
2026-05-01 01:09:35,771 [INFO] السكريبت محدّث (v2.10)
2026-05-01 01:09:36,850 [INFO] السكريبت محدّث (v2.10)
2026-05-01 01:10:01,564 [INFO] بدء المزامنة | الفرع: d6a23737-509b-4a97-bb13-a12a5891e12a | آخر مزامنة: 2026-05-01 00:16:27.4702115
2026-05-01 01:10:02,230 [INFO] لا توجد فواتير لرفعها.
2026-05-01 01:10:06,567 [INFO] بدء المزامنة | الفرع: d6a23737-509b-4a97-bb13-a12a5891e12a | آخر مزامنة: 2026-05-01 00:16:27.4702115
2026-05-01 01:10:07,247 [INFO] لا توجد فواتير لرفعها.
2026-05-01 01:10:31,463 [INFO] بدء المزامنة | الفرع: d6a23737-509b-4a97-bb13-a12a5891e12a | آخر مزامنة: 2026-05-01 00:16:27.4702115
2026-05-01 01:10:32,132 [INFO] لا توجد فواتير لرفعها.
2026-05-01 01:10:47,252 [INFO] بدء المزامنة | الفرع: d6a23737-509b-4a97-bb13-a12a5891e12a | آخر مزامنة: 2026-05-01 00:16:27.4702115
2026-05-01 01:10:47,844 [INFO] لا توجد فواتير لرفعها.
2026-05-01 01:10:48,201 [INFO] بدء المزامنة | الفرع: d6a23737-509b-4a97-bb13-a12a5891e12a | آخر مزامنة: 2026-05-01 00:16:27.4702115
2026-05-01 01:10:48,337 [INFO] بدء المزامنة | الفرع: d6a23737-509b-4a97-bb13-a12a5891e12a | آخر مزامنة: 2026-05-01 00:16:27.4702115
2026-05-01 01:10:48,864 [INFO] لا توجد فواتير لرفعها.
2026-05-01 01:10:48,990 [INFO] لا توجد فواتير لرفعها.
2026-05-01 01:10:50,431 [INFO] وضع الخادم الدائم | v2.10 | يعمل بشكل مستمر
2026-05-01 01:10:50,432 [INFO] ✅ تم تسجيل البدء التلقائي مع Windows (Registry)
2026-05-01 01:10:51,284 [INFO] السكريبت محدّث (v2.10)
2026-05-01 01:10:51,923 [INFO] بدء المزامنة | الفرع: d6a23737-509b-4a97-bb13-a12a5891e12a | آخر مزامنة: 2026-05-01 00:16:27.4702115
2026-05-01 01:10:52,646 [INFO] لا توجد فواتير لرفعها.
2026-05-01 01:11:01,919 [INFO] بدء المزامنة | الفرع: d6a23737-509b-4a97-bb13-a12a5891e12a | آخر مزامنة: 2026-05-01 00:16:27.4702115
2026-05-01 01:11:02,596 [INFO] لا توجد فواتير لرفعها.
2026-05-01 01:11:07,974 [INFO] بدء المزامنة | الفرع: d6a23737-509b-4a97-bb13-a12a5891e12a | آخر مزامنة: 2026-05-01 00:16:27.4702115
2026-05-01 01:11:08,644 [INFO] لا توجد فواتير لرفعها.
2026-05-01 01:11:09,020 [INFO] بدء المزامنة | الفرع: d6a23737-509b-4a97-bb13-a12a5891e12a | آخر مزامنة: 2026-05-01 00:16:27.4702115
2026-05-01 01:11:09,233 [INFO] بدء المزامنة | الفرع: d6a23737-509b-4a97-bb13-a12a5891e12a | آخر مزامنة: 2026-05-01 00:16:27.4702115
2026-05-01 01:11:09,681 [INFO] لا توجد فواتير لرفعها.
2026-05-01 01:11:09,951 [INFO] لا توجد فواتير لرفعها.
2026-05-01 01:11:10,098 [INFO] بدء المزامنة | الفرع: d6a23737-509b-4a97-bb13-a12a5891e12a | آخر مزامنة: 2026-05-01 00:16:27.4702115
2026-05-01 01:11:10,796 [INFO] لا توجد فواتير لرفعها.
2026-05-01 01:11:11,427 [INFO] بدء المزامنة | الفرع: d6a23737-509b-4a97-bb13-a12a5891e12a | آخر مزامنة: 2026-05-01 00:16:27.4702115
2026-05-01 01:11:12,065 [INFO] لا توجد فواتير لرفعها.
2026-05-01 01:11:12,260 [INFO] السكريبت محدّث (v2.10)
2026-05-01 01:11:12,934 [INFO] بدء المزامنة | الفرع: d6a23737-509b-4a97-bb13-a12a5891e12a | آخر مزامنة: 2026-05-01 00:16:27.4702115
2026-05-01 01:11:13,633 [INFO] لا توجد فواتير لرفعها.
2026-05-01 01:11:40,324 [INFO] السكريبت محدّث (v2.10)
2026-05-01 01:12:04,866 [INFO] السكريبت محدّث (v2.10)
2026-05-01 01:12:08,175 [INFO] بدء المزامنة | الفرع: d6a23737-509b-4a97-bb13-a12a5891e12a | آخر مزامنة: 2026-05-01 00:16:27.4702115
2026-05-01 01:12:08,879 [INFO] لا توجد فواتير لرفعها.
2026-05-01 01:12:10,552 [INFO] السكريبت محدّث (v2.10)
2026-05-01 01:12:21,652 [INFO] السكريبت محدّث (v2.10)
2026-05-01 01:12:53,660 [INFO] السكريبت محدّث (v2.10)
2026-05-01 01:13:22,903 [INFO] السكريبت محدّث (v2.10)
2026-05-01 01:14:14,067 [INFO] بدء المزامنة | الفرع: d6a23737-509b-4a97-bb13-a12a5891e12a | آخر مزامنة: 2026-05-01 00:16:27.4702115
2026-05-01 01:14:14,769 [INFO] لا توجد فواتير لرفعها.
2026-05-01 01:15:09,665 [INFO] بدء المزامنة | الفرع: d6a23737-509b-4a97-bb13-a12a5891e12a | آخر مزامنة: 2026-05-01 00:16:27.4702115
2026-05-01 01:15:10,361 [INFO] لا توجد فواتير لرفعها.
2026-05-01 01:15:15,246 [INFO] بدء المزامنة | الفرع: d6a23737-509b-4a97-bb13-a12a5891e12a | آخر مزامنة: 2026-05-01 00:16:27.4702115
2026-05-01 01:15:15,915 [INFO] لا توجد فواتير لرفعها.
2026-05-01 01:15:40,070 [INFO] بدء المزامنة | الفرع: d6a23737-509b-4a97-bb13-a12a5891e12a | آخر مزامنة: 2026-05-01 00:16:27.4702115
2026-05-01 01:15:40,740 [INFO] لا توجد فواتير لرفعها.
2026-05-01 01:15:50,482 [INFO] وضع الخادم الدائم | v2.10 | يعمل بشكل مستمر
2026-05-01 01:15:50,483 [INFO] ✅ تم تسجيل البدء التلقائي مع Windows (Registry)
2026-05-01 01:15:51,211 [INFO] السكريبت محدّث (v2.10)
2026-05-01 01:15:51,944 [INFO] بدء المزامنة | الفرع: d6a23737-509b-4a97-bb13-a12a5891e12a | آخر مزامنة: 2026-05-01 00:16:27.4702115
2026-05-01 01:15:52,637 [INFO] لا توجد فواتير لرفعها.
2026-05-01 01:15:56,883 [INFO] بدء المزامنة | الفرع: d6a23737-509b-4a97-bb13-a12a5891e12a | آخر مزامنة: 2026-05-01 00:16:27.4702115
2026-05-01 01:15:56,929 [INFO] بدء المزامنة | الفرع: d6a23737-509b-4a97-bb13-a12a5891e12a | آخر مزامنة: 2026-05-01 00:16:27.4702115
2026-05-01 01:15:57,467 [INFO] لا توجد فواتير لرفعها.
2026-05-01 01:15:57,535 [INFO] لا توجد فواتير لرفعها.
2026-05-01 01:15:58,126 [INFO] بدء المزامنة | الفرع: d6a23737-509b-4a97-bb13-a12a5891e12a | آخر مزامنة: 2026-05-01 00:16:27.4702115
2026-05-01 01:15:58,815 [INFO] لا توجد فواتير لرفعها.
2026-05-01 01:16:00,262 [INFO] بدء المزامنة | الفرع: d6a23737-509b-4a97-bb13-a12a5891e12a | آخر مزامنة: 2026-05-01 00:16:27.4702115
2026-05-01 01:16:00,933 [INFO] لا توجد فواتير لرفعها.
2026-05-01 01:16:10,558 [INFO] السكريبت محدّث (v2.10)
2026-05-01 01:16:11,206 [INFO] بدء المزامنة | الفرع: d6a23737-509b-4a97-bb13-a12a5891e12a | آخر مزامنة: 2026-05-01 00:16:27.4702115
2026-05-01 01:16:11,893 [INFO] لا توجد فواتير لرفعها.
2026-05-01 01:16:15,857 [INFO] بدء المزامنة | الفرع: d6a23737-509b-4a97-bb13-a12a5891e12a | آخر مزامنة: 2026-05-01 00:16:27.4702115
2026-05-01 01:16:16,787 [INFO] لا توجد فواتير لرفعها.
2026-05-01 01:16:16,967 [INFO] بدء المزامنة | الفرع: d6a23737-509b-4a97-bb13-a12a5891e12a | آخر مزامنة: 2026-05-01 00:16:27.4702115
2026-05-01 01:16:17,162 [INFO] بدء المزامنة | الفرع: d6a23737-509b-4a97-bb13-a12a5891e12a | آخر مزامنة: 2026-05-01 00:16:27.4702115
2026-05-01 01:16:17,661 [INFO] لا توجد فواتير لرفعها.
2026-05-01 01:16:17,891 [INFO] لا توجد فواتير لرفعها.
2026-05-01 01:16:18,316 [INFO] بدء المزامنة | الفرع: d6a23737-509b-4a97-bb13-a12a5891e12a | آخر مزامنة: 2026-05-01 00:16:27.4702115
2026-05-01 01:16:19,017 [INFO] لا توجد فواتير لرفعها.
2026-05-01 01:16:20,182 [INFO] بدء المزامنة | الفرع: d6a23737-509b-4a97-bb13-a12a5891e12a | آخر مزامنة: 2026-05-01 00:16:27.4702115
2026-05-01 01:16:20,753 [INFO] لا توجد فواتير لرفعها.
2026-05-01 01:16:21,090 [INFO] بدء المزامنة | الفرع: d6a23737-509b-4a97-bb13-a12a5891e12a | آخر مزامنة: 2026-05-01 00:16:27.4702115
2026-05-01 01:16:21,825 [INFO] لا توجد فواتير لرفعها.
2026-05-01 01:16:45,912 [INFO] السكريبت محدّث (v2.10)
2026-05-01 01:17:13,993 [INFO] السكريبت محدّث (v2.10)
2026-05-01 01:17:17,466 [INFO] بدء المزامنة | الفرع: d6a23737-509b-4a97-bb13-a12a5891e12a | آخر مزامنة: 2026-05-01 00:16:27.4702115
2026-05-01 01:17:18,152 [INFO] لا توجد فواتير لرفعها.
2026-05-01 01:18:21,370 [INFO] السكريبت محدّث (v2.10)
2026-05-01 01:18:24,267 [INFO] السكريبت محدّث (v2.10)
2026-05-01 01:19:22,330 [INFO] بدء المزامنة | الفرع: d6a23737-509b-4a97-bb13-a12a5891e12a | آخر مزامنة: 2026-05-01 00:16:27.4702115
2026-05-01 01:19:22,920 [INFO] لا توجد فواتير لرفعها.
2026-05-01 01:19:53,577 [INFO] السكريبت محدّث (v2.10)
2026-05-01 01:19:54,117 [INFO] السكريبت محدّث (v2.10)
2026-05-01 01:19:54,478 [INFO] السكريبت محدّث (v2.10)
2026-05-01 01:20:19,617 [INFO] بدء المزامنة | الفرع: d6a23737-509b-4a97-bb13-a12a5891e12a | آخر مزامنة: 2026-05-01 00:16:27.4702115
2026-05-01 01:20:20,369 [INFO] لا توجد فواتير لرفعها.
2026-05-01 01:20:24,426 [INFO] بدء المزامنة | الفرع: d6a23737-509b-4a97-bb13-a12a5891e12a | آخر مزامنة: 2026-05-01 00:16:27.4702115
2026-05-01 01:20:25,084 [INFO] لا توجد فواتير لرفعها.
2026-05-01 01:20:48,727 [INFO] بدء المزامنة | الفرع: d6a23737-509b-4a97-bb13-a12a5891e12a | آخر مزامنة: 2026-05-01 00:16:27.4702115
2026-05-01 01:20:49,933 [INFO] لا توجد فواتير لرفعها.
2026-05-01 01:20:50,492 [INFO] وضع الخادم الدائم | v2.10 | يعمل بشكل مستمر
2026-05-01 01:20:50,493 [INFO] ✅ تم تسجيل البدء التلقائي مع Windows (Registry)
2026-05-01 01:20:51,400 [INFO] السكريبت محدّث (v2.10)
2026-05-01 01:20:52,122 [INFO] بدء المزامنة | الفرع: d6a23737-509b-4a97-bb13-a12a5891e12a | آخر مزامنة: 2026-05-01 00:16:27.4702115
2026-05-01 01:20:52,859 [INFO] لا توجد فواتير لرفعها.
2026-05-01 01:20:59,877 [INFO] بدء المزامنة | الفرع: d6a23737-509b-4a97-bb13-a12a5891e12a | آخر مزامنة: 2026-05-01 00:16:27.4702115
2026-05-01 01:21:00,555 [INFO] لا توجد فواتير لرفعها.
2026-05-01 01:21:04,422 [INFO] بدء المزامنة | الفرع: d6a23737-509b-4a97-bb13-a12a5891e12a | آخر مزامنة: 2026-05-01 00:16:27.4702115
2026-05-01 01:21:04,734 [INFO] بدء المزامنة | الفرع: d6a23737-509b-4a97-bb13-a12a5891e12a | آخر مزامنة: 2026-05-01 00:16:27.4702115
2026-05-01 01:21:04,853 [INFO] لا توجد فواتير لرفعها.
2026-05-01 01:21:05,205 [INFO] لا توجد فواتير لرفعها.
2026-05-01 01:21:06,990 [INFO] بدء المزامنة | الفرع: d6a23737-509b-4a97-bb13-a12a5891e12a | آخر مزامنة: 2026-05-01 00:16:27.4702115
2026-05-01 01:21:07,454 [INFO] لا توجد فواتير لرفعها.
2026-05-01 01:21:08,588 [INFO] السكريبت محدّث (v2.10)
2026-05-01 01:21:09,033 [INFO] بدء المزامنة | الفرع: d6a23737-509b-4a97-bb13-a12a5891e12a | آخر مزامنة: 2026-05-01 00:16:27.4702115
2026-05-01 01:21:09,490 [INFO] لا توجد فواتير لرفعها.
2026-05-01 01:21:20,437 [INFO] بدء المزامنة | الفرع: d6a23737-509b-4a97-bb13-a12a5891e12a | آخر مزامنة: 2026-05-01 00:16:27.4702115
2026-05-01 01:21:20,884 [INFO] لا توجد فواتير لرفعها.
2026-05-01 01:21:25,850 [INFO] بدء المزامنة | الفرع: d6a23737-509b-4a97-bb13-a12a5891e12a | آخر مزامنة: 2026-05-01 00:16:27.4702115
2026-05-01 01:21:26,084 [INFO] بدء المزامنة | الفرع: d6a23737-509b-4a97-bb13-a12a5891e12a | آخر مزامنة: 2026-05-01 00:16:27.4702115
2026-05-01 01:21:26,303 [INFO] لا توجد فواتير لرفعها.
2026-05-01 01:21:26,502 [INFO] لا توجد فواتير لرفعها.
2026-05-01 01:21:26,679 [INFO] بدء المزامنة | الفرع: d6a23737-509b-4a97-bb13-a12a5891e12a | آخر مزامنة: 2026-05-01 00:16:27.4702115
2026-05-01 01:21:26,830 [INFO] بدء المزامنة | الفرع: d6a23737-509b-4a97-bb13-a12a5891e12a | آخر مزامنة: 2026-05-01 00:16:27.4702115
2026-05-01 01:21:27,120 [INFO] لا توجد فواتير لرفعها.
2026-05-01 01:21:27,274 [INFO] لا توجد فواتير لرفعها.
2026-05-01 01:21:28,579 [INFO] بدء المزامنة | الفرع: d6a23737-509b-4a97-bb13-a12a5891e12a | آخر مزامنة: 2026-05-01 00:16:27.4702115
2026-05-01 01:21:28,708 [INFO] السكريبت محدّث (v2.10)
2026-05-01 01:21:29,033 [INFO] لا توجد فواتير لرفعها.
2026-05-01 01:21:29,162 [INFO] بدء المزامنة | الفرع: d6a23737-509b-4a97-bb13-a12a5891e12a | آخر مزامنة: 2026-05-01 00:16:27.4702115
2026-05-01 01:21:29,618 [INFO] لا توجد فواتير لرفعها.
2026-05-01 01:21:56,866 [INFO] السكريبت محدّث (v2.10)
2026-05-01 01:22:22,217 [INFO] السكريبت محدّث (v2.10)
2026-05-01 03:10:06,743 [INFO] وضع الخادم الدائم | v2.10 | يعمل بشكل مستمر
2026-05-01 03:10:06,773 [INFO] ✅ تم تسجيل البدء التلقائي مع Windows (Registry)
2026-05-01 03:10:08,633 [INFO] السكريبت محدّث (v2.10)
2026-05-01 03:10:09,225 [INFO] بدء المزامنة | الفرع: d6a23737-509b-4a97-bb13-a12a5891e12a | آخر مزامنة: 2026-05-01 00:16:27.4702115
2026-05-01 03:10:10,247 [INFO] لا توجد فواتير لرفعها.
